{
  "stats": {
    "suites": 1,
    "tests": 5,
    "passes": 5,
    "pending": 0,
    "failures": 0,
    "start": "2020-11-17T10:40:23.587Z",
    "end": "2020-11-17T10:40:27.066Z",
    "duration": 3479,
    "testsRegistered": 5,
    "passPercent": 100,
    "pendingPercent": 0,
    "other": 0,
    "hasOther": false,
    "skipped": 0,
    "hasSkipped": false
  },
  "results": [
    {
      "uuid": "56352285-2b67-4d08-bbdd-cc682860e7ac",
      "title": "",
      "fullFile": "cypress\\integration\\backend_auth.spec.js",
      "file": "cypress\\integration\\backend_auth.spec.js",
      "beforeHooks": [],
      "afterHooks": [],
      "tests": [],
      "suites": [
        {
          "uuid": "8fb07404-5046-42f1-aa59-3d70cc4385b8",
          "title": "testing auth",
          "fullFile": "",
          "file": "",
          "beforeHooks": [],
          "afterHooks": [],
          "tests": [
            {
              "title": "Test case 1- create a client",
              "fullTitle": "testing auth Test case 1- create a client",
              "timedOut": null,
              "duration": 943,
              "state": "passed",
              "speed": "slow",
              "pass": true,
              "fail": false,
              "pending": false,
              "context": null,
              "code": "clientHelpers.createClientRequest(cy);",
              "err": {},
              "uuid": "97a73b3d-99c2-459b-bfda-0eb5293573b1",
              "parentUUID": "8fb07404-5046-42f1-aa59-3d70cc4385b8",
              "isHook": false,
              "skipped": false
            },
            {
              "title": "Test case 2- edit a cliet",
              "fullTitle": "testing auth Test case 2- edit a cliet",
              "timedOut": null,
              "duration": 631,
              "state": "passed",
              "speed": "slow",
              "pass": true,
              "fail": false,
              "pending": false,
              "context": null,
              "code": "clientHelpers.editRequestAfterGet(cy);",
              "err": {},
              "uuid": "54517c65-792f-4e77-99d9-1caf237bbfa5",
              "parentUUID": "8fb07404-5046-42f1-aa59-3d70cc4385b8",
              "isHook": false,
              "skipped": false
            },
            {
              "title": "Test case 3- delete a cliet",
              "fullTitle": "testing auth Test case 3- delete a cliet",
              "timedOut": null,
              "duration": 584,
              "state": "passed",
              "speed": "slow",
              "pass": true,
              "fail": false,
              "pending": false,
              "context": null,
              "code": "clientHelpers.deleteRequestAfterGet(cy);",
              "err": {},
              "uuid": "49c615ae-901e-40a1-b1c7-a41a91d2fc73",
              "parentUUID": "8fb07404-5046-42f1-aa59-3d70cc4385b8",
              "isHook": false,
              "skipped": false
            },
            {
              "title": "Test case 4- create a room",
              "fullTitle": "testing auth Test case 4- create a room",
              "timedOut": null,
              "duration": 643,
              "state": "passed",
              "speed": "slow",
              "pass": true,
              "fail": false,
              "pending": false,
              "context": null,
              "code": "roomHelpers.createRoomRequest(cy);",
              "err": {},
              "uuid": "4b1b370b-f894-4174-941c-310625100069",
              "parentUUID": "8fb07404-5046-42f1-aa59-3d70cc4385b8",
              "isHook": false,
              "skipped": false
            },
            {
              "title": "Test case 5- delete a room",
              "fullTitle": "testing auth Test case 5- delete a room",
              "timedOut": null,
              "duration": 585,
              "state": "passed",
              "speed": "slow",
              "pass": true,
              "fail": false,
              "pending": false,
              "context": null,
              "code": "roomHelpers.deleteRequestRoomAfterGet(cy);",
              "err": {},
              "uuid": "de491f70-0f5d-4d76-94f2-c1e5636b0dac",
              "parentUUID": "8fb07404-5046-42f1-aa59-3d70cc4385b8",
              "isHook": false,
              "skipped": false
            }
          ],
          "suites": [],
          "passes": [
            "97a73b3d-99c2-459b-bfda-0eb5293573b1",
            "54517c65-792f-4e77-99d9-1caf237bbfa5",
            "49c615ae-901e-40a1-b1c7-a41a91d2fc73",
            "4b1b370b-f894-4174-941c-310625100069",
            "de491f70-0f5d-4d76-94f2-c1e5636b0dac"
          ],
          "failures": [],
          "pending": [],
          "skipped": [],
          "duration": 3386,
          "root": false,
          "rootEmpty": false,
          "_timeout": 2000
        }
      ],
      "passes": [],
      "failures": [],
      "pending": [],
      "skipped": [],
      "duration": 0,
      "root": true,
      "rootEmpty": true,
      "_timeout": 2000
    }
  ],
  "meta": {
    "mocha": {
      "version": "7.0.1"
    },
    "mochawesome": {
      "options": {
        "quiet": false,
        "reportFilename": "mochawesome",
        "saveHtml": true,
        "saveJson": true,
        "consoleReporter": "spec",
        "useInlineDiffs": false,
        "code": true
      },
      "version": "6.2.1"
    },
    "marge": {
      "options": null,
      "version": "5.1.0"
    }
  }
}